This is pdfTeX, Version 3.1415926-2.3-1.40.12 (TeX Live 2011) (format=pdflatex 2011.7.3)  1 NOV 2013 14:39
entering extended mode
 restricted \write18 enabled.
 %&-line parsing enabled.
**TP2.tex
(./TP2.tex
LaTeX2e <2009/09/24>
Babel <v3.8l> and hyphenation patterns for english, dumylang, nohyphenation, ge
rman-x-2009-06-19, ngerman-x-2009-06-19, afrikaans, ancientgreek, ibycus, arabi
c, armenian, basque, bulgarian, catalan, pinyin, coptic, croatian, czech, danis
h, dutch, ukenglish, usenglishmax, esperanto, estonian, ethiopic, farsi, finnis
h, french, galician, german, ngerman, swissgerman, monogreek, greek, hungarian,
 icelandic, assamese, bengali, gujarati, hindi, kannada, malayalam, marathi, or
iya, panjabi, tamil, telugu, indonesian, interlingua, irish, italian, kurmanji,
 lao, latin, latvian, lithuanian, mongolian, mongolianlmc, bokmal, nynorsk, pol
ish, portuguese, romanian, russian, sanskrit, serbian, serbianc, slovak, sloven
ian, spanish, swedish, turkish, turkmen, ukrainian, uppersorbian, welsh, loaded
.
(/usr/local/texlive/2011/texmf-dist/tex/latex/base/article.cls
Document Class: article 2007/10/19 v1.4h Standard LaTeX document class
(/usr/local/texlive/2011/texmf-dist/tex/latex/base/size10.clo
File: size10.clo 2007/10/19 v1.4h Standard LaTeX file (size option)
)
\c@part=\count79
\c@section=\count80
\c@subsection=\count81
\c@subsubsection=\count82
\c@paragraph=\count83
\c@subparagraph=\count84
\c@figure=\count85
\c@table=\count86
\abovecaptionskip=\skip41
\belowcaptionskip=\skip42
\bibindent=\dimen102
)
(/usr/local/texlive/2011/texmf-dist/tex/latex/base/fontenc.sty
Package: fontenc 2005/09/27 v1.99g Standard LaTeX package

(/usr/local/texlive/2011/texmf-dist/tex/latex/base/t1enc.def
File: t1enc.def 2005/09/27 v1.99g Standard LaTeX file
LaTeX Font Info:    Redeclaring font encoding T1 on input line 43.
))
(/usr/local/texlive/2011/texmf-dist/tex/latex/base/inputenc.sty
Package: inputenc 2008/03/30 v1.1d Input encoding file
\inpenc@prehook=\toks14
\inpenc@posthook=\toks15

(/usr/local/texlive/2011/texmf-dist/tex/latex/base/latin9.def
File: latin9.def 2008/03/30 v1.1d Input encoding file
))
(/usr/local/texlive/2011/texmf-dist/tex/latex/listings/listings.sty
(/usr/local/texlive/2011/texmf-dist/tex/latex/graphics/keyval.sty
Package: keyval 1999/03/16 v1.13 key=value parser (DPC)
\KV@toks@=\toks16
)
\lst@mode=\count87
\lst@gtempboxa=\box26
\lst@token=\toks17
\lst@length=\count88
\lst@currlwidth=\dimen103
\lst@column=\count89
\lst@pos=\count90
\lst@lostspace=\dimen104
\lst@width=\dimen105
\lst@newlines=\count91
\lst@lineno=\count92
\lst@maxwidth=\dimen106

(/usr/local/texlive/2011/texmf-dist/tex/latex/listings/lstmisc.sty
File: lstmisc.sty 2007/02/22 1.4 (Carsten Heinz)
\c@lstnumber=\count93
\lst@skipnumbers=\count94
\lst@framebox=\box27
)
(/usr/local/texlive/2011/texmf-dist/tex/latex/listings/listings.cfg
File: listings.cfg 2007/02/22 1.4 listings configuration
))
Package: listings 2007/02/22 1.4 (Carsten Heinz)

(/usr/local/texlive/2011/texmf-dist/tex/latex/graphics/graphicx.sty
Package: graphicx 1999/02/16 v1.0f Enhanced LaTeX Graphics (DPC,SPQR)

(/usr/local/texlive/2011/texmf-dist/tex/latex/graphics/graphics.sty
Package: graphics 2009/02/05 v1.0o Standard LaTeX Graphics (DPC,SPQR)

(/usr/local/texlive/2011/texmf-dist/tex/latex/graphics/trig.sty
Package: trig 1999/03/16 v1.09 sin cos tan (DPC)
)
(/usr/local/texlive/2011/texmf-dist/tex/latex/latexconfig/graphics.cfg
File: graphics.cfg 2010/04/23 v1.9 graphics configuration of TeX Live
)
Package graphics Info: Driver file: pdftex.def on input line 91.

(/usr/local/texlive/2011/texmf-dist/tex/latex/pdftex-def/pdftex.def
File: pdftex.def 2011/05/27 v0.06d Graphics/color for pdfTeX

(/usr/local/texlive/2011/texmf-dist/tex/generic/oberdiek/infwarerr.sty
Package: infwarerr 2010/04/08 v1.3 Providing info/warning/message (HO)
)
(/usr/local/texlive/2011/texmf-dist/tex/generic/oberdiek/ltxcmds.sty
Package: ltxcmds 2011/04/18 v1.20 LaTeX kernel commands for general use (HO)
)
\Gread@gobject=\count95
))
\Gin@req@height=\dimen107
\Gin@req@width=\dimen108
)
(/usr/local/texlive/2011/texmf-dist/tex/generic/babel/babel.sty
Package: babel 2008/07/06 v3.8l The Babel package

(/usr/local/texlive/2011/texmf-dist/tex/generic/babel/english.ldf
Language: english 2005/03/30 v3.3o English support from the babel system

(/usr/local/texlive/2011/texmf-dist/tex/generic/babel/babel.def
File: babel.def 2008/07/06 v3.8l Babel common definitions
\babel@savecnt=\count96
\U@D=\dimen109
)
\l@canadian = a dialect from \language\l@american 
\l@australian = a dialect from \language\l@british 
\l@newzealand = a dialect from \language\l@british 
))
No file TP2.aux.
\openout1 = `TP2.aux'.

LaTeX Font Info:    Checking defaults for OML/cmm/m/it on input line 17.
LaTeX Font Info:    ... okay on input line 17.
LaTeX Font Info:    Checking defaults for T1/cmr/m/n on input line 17.
LaTeX Font Info:    ... okay on input line 17.
LaTeX Font Info:    Checking defaults for OT1/cmr/m/n on input line 17.
LaTeX Font Info:    ... okay on input line 17.
LaTeX Font Info:    Checking defaults for OMS/cmsy/m/n on input line 17.
LaTeX Font Info:    ... okay on input line 17.
LaTeX Font Info:    Checking defaults for OMX/cmex/m/n on input line 17.
LaTeX Font Info:    ... okay on input line 17.
LaTeX Font Info:    Checking defaults for U/cmr/m/n on input line 17.
LaTeX Font Info:    ... okay on input line 17.
\c@lstlisting=\count97
(/usr/local/texlive/2011/texmf-dist/tex/context/base/supp-pdf.mkii
[Loading MPS to PDF converter (version 2006.09.02).]
\scratchcounter=\count98
\scratchdimen=\dimen110
\scratchbox=\box28
\nofMPsegments=\count99
\nofMParguments=\count100
\everyMPshowfont=\toks18
\MPscratchCnt=\count101
\MPscratchDim=\dimen111
\MPnumerator=\count102
\makeMPintoPDFobject=\count103
\everyMPtoPDFconversion=\toks19
) (/usr/local/texlive/2011/texmf-dist/tex/generic/oberdiek/pdftexcmds.sty
Package: pdftexcmds 2011/04/22 v0.16 Utilities of pdfTeX for LuaTeX (HO)

(/usr/local/texlive/2011/texmf-dist/tex/generic/oberdiek/ifluatex.sty
Package: ifluatex 2010/03/01 v1.3 Provides the ifluatex switch (HO)
Package ifluatex Info: LuaTeX not detected.
)
(/usr/local/texlive/2011/texmf-dist/tex/generic/oberdiek/ifpdf.sty
Package: ifpdf 2011/01/30 v2.3 Provides the ifpdf switch (HO)
Package ifpdf Info: pdfTeX in PDF mode is detected.
)
Package pdftexcmds Info: LuaTeX not detected.
Package pdftexcmds Info: \pdf@primitive is available.
Package pdftexcmds Info: \pdf@ifprimitive is available.
Package pdftexcmds Info: \pdfdraftmode found.
)
(/usr/local/texlive/2011/texmf-dist/tex/latex/oberdiek/epstopdf-base.sty
Package: epstopdf-base 2010/02/09 v2.5 Base part for package epstopdf

(/usr/local/texlive/2011/texmf-dist/tex/latex/oberdiek/grfext.sty
Package: grfext 2010/08/19 v1.1 Managing graphics extensions (HO)

(/usr/local/texlive/2011/texmf-dist/tex/generic/oberdiek/kvdefinekeys.sty
Package: kvdefinekeys 2011/04/07 v1.3 Defining keys (HO)
))
(/usr/local/texlive/2011/texmf-dist/tex/latex/oberdiek/kvoptions.sty
Package: kvoptions 2010/12/23 v3.10 Keyval support for LaTeX options (HO)

(/usr/local/texlive/2011/texmf-dist/tex/generic/oberdiek/kvsetkeys.sty
Package: kvsetkeys 2011/04/07 v1.13 Key value parser (HO)

(/usr/local/texlive/2011/texmf-dist/tex/generic/oberdiek/etexcmds.sty
Package: etexcmds 2011/02/16 v1.5 Prefix for e-TeX command names (HO)
Package etexcmds Info: Could not find \expanded.
(etexcmds)             That can mean that you are not using pdfTeX 1.50 or
(etexcmds)             that some package has redefined \expanded.
(etexcmds)             In the latter case, load this package earlier.
)))
Package grfext Info: Graphics extension search list:
(grfext)             [.png,.pdf,.jpg,.mps,.jpeg,.jbig2,.jb2,.PNG,.PDF,.JPG,.JPE
G,.JBIG2,.JB2,.eps]
(grfext)             \AppendGraphicsExtensions on input line 452.

(/usr/local/texlive/2011/texmf-dist/tex/latex/latexconfig/epstopdf-sys.cfg
File: epstopdf-sys.cfg 2010/07/13 v1.3 Configuration of (r)epstopdf for TeX Liv
e
))
LaTeX Font Info:    External font `cmex10' loaded for size
(Font)              <12> on input line 25.
LaTeX Font Info:    External font `cmex10' loaded for size
(Font)              <8> on input line 25.
LaTeX Font Info:    External font `cmex10' loaded for size
(Font)              <6> on input line 25.
LaTeX Font Info:    Try loading font information for T1+cmtt on input line 29.

(/usr/local/texlive/2011/texmf-dist/tex/latex/base/t1cmtt.fd
File: t1cmtt.fd 1999/05/25 v2.5h Standard LaTeX font definitions
)
<box8.pdf, id=1, 361.35pt x 361.35pt>
File: box8.pdf Graphic file (type pdf)
 <use box8.pdf>
Package pdftex.def Info: box8.pdf used on input line 47.
(pdftex.def)             Requested size: 216.81168pt x 216.81168pt.

<matrixScatter.pdf, id=2, 533.8865pt x 518.37303pt>
File: matrixScatter.pdf Graphic file (type pdf)
 <use matrixScatter.pdf>
Package pdftex.def Info: matrixScatter.pdf used on input line 64.
(pdftex.def)             Requested size: 266.9426pt x 259.18588pt.

<plotACP.pdf, id=3, 862.03133pt x 525.60005pt>
File: plotACP.pdf Graphic file (type pdf)
 <use plotACP.pdf>
Package pdftex.def Info: plotACP.pdf used on input line 88.
(pdftex.def)             Requested size: 862.02922pt x 525.59875pt.

<sepPainters.pdf, id=4, 361.35pt x 361.35pt>
File: sepPainters.pdf Graphic file (type pdf)
 <use sepPainters.pdf>
Package pdftex.def Info: sepPainters.pdf used on input line 105.
(pdftex.def)             Requested size: 234.87471pt x 234.87471pt.

<sepPainters64.pdf, id=5, 361.35pt x 361.35pt>
File: sepPainters64.pdf Graphic file (type pdf)
 <use sepPainters64.pdf>
Package pdftex.def Info: sepPainters64.pdf used on input line 112.
(pdftex.def)             Requested size: 234.87471pt x 234.87471pt.
LaTeX Font Info:    External font `cmex10' loaded for size
(Font)              <7> on input line 112.
LaTeX Font Info:    External font `cmex10' loaded for size
(Font)              <5> on input line 112.
 [1

{/usr/local/texlive/2011/texmf-var/fonts/map/pdftex/updmap/pdftex.map}] [2 <./b
ox8.pdf> <./matrixScatter.pdf>] [3 <./plotACP.pdf>] [4 <./sepPainters.pdf> <./s
epPainters64.pdf>] <PCAresume.pdf, id=526, 834.686pt x 517.05905pt>
File: PCAresume.pdf Graphic file (type pdf)

<use PCAresume.pdf>
Package pdftex.def Info: PCAresume.pdf used on input line 150.
(pdftex.def)             Requested size: 834.68396pt x 517.05779pt.

Overfull \hbox (16.93886pt too wide) in paragraph at lines 150--151
[][] 
 []


LaTeX Warning: Float too large for page by 58.22018pt on input line 155.

<inertia.pdf, id=527, 886.77238pt x 503.262pt>
File: inertia.pdf Graphic file (type pdf)
 <use inertia.pdf>
Package pdftex.def Info: inertia.pdf used on input line 173.
(pdftex.def)             Requested size: 886.77022pt x 503.26076pt.


LaTeX Warning: Float too large for page by 50.33919pt on input line 178.


Overfull \hbox (1.71844pt too wide) in paragraph at lines 206--207
[][][][][][][][][][][][][][][][][][][][][][] 
 []

[5] [6 <./PCAresume.pdf>] [7 <./inertia.pdf>]
Overfull \hbox (1.71844pt too wide) in paragraph at lines 219--220
[][][][][][][][][][][][][][][][][][][][][][] 
 []


Overfull \hbox (42.50885pt too wide) in paragraph at lines 232--233
[][][][][][][][][][][][][][][][][][] 
 []


Overfull \hbox (32.31125pt too wide) in paragraph at lines 233--234
[][][][][][][][][][][][][][][][][][] 
 []


Overfull \hbox (22.11365pt too wide) in paragraph at lines 245--246
[][][][][][][][][][][][][][][][][][][][][][][][][][] 
 []

LaTeX Font Info:    Try loading font information for OMS+cmr on input line 250.

(/usr/local/texlive/2011/texmf-dist/tex/latex/base/omscmr.fd
File: omscmr.fd 1999/05/25 v2.5h Standard LaTeX font definitions
)
LaTeX Font Info:    Font shape `OMS/cmr/m/n' in size <8> not available
(Font)              Font shape `OMS/cmsy/m/n' tried instead on input line 250.

Overfull \hbox (83.29926pt too wide) in paragraph at lines 250--251
[][][][][][][][][][][][][][][][][][][][][][][][][][][][] 
 []


Overfull \hbox (139.38606pt too wide) in paragraph at lines 262--263
[][][][][][][][][][][][][][][][][][][][][][][][][][][][][][] 
 []


Overfull \hbox (118.99086pt too wide) in paragraph at lines 263--265
[][][][][][][][][][][][][][][][][][][][][][][][][][][][][][] 
 []

[8] (./TP2.aux) ) 
Here is how much of TeX's memory you used:
 3677 strings out of 493633
 49247 string characters out of 3143378
 136030 words of memory out of 3000000
 6938 multiletter control sequences out of 15000+200000
 11975 words of font info for 31 fonts, out of 3000000 for 9000
 831 hyphenation exceptions out of 8191
 38i,8n,32p,229b,1595s stack positions out of 5000i,500n,10000p,200000b,50000s
{/usr/local/texlive/2011/texmf-dist/fonts/enc/dvips/cm-super/c
m-super-t1.enc}</usr/local/texlive/2011/texmf-dist/fonts/type1/public/amsfonts/
cm/cmmi10.pfb></usr/local/texlive/2011/texmf-dist/fonts/type1/public/amsfonts/c
m/cmmi7.pfb></usr/local/texlive/2011/texmf-dist/fonts/type1/public/amsfonts/cm/
cmr10.pfb></usr/local/texlive/2011/texmf-dist/fonts/type1/public/amsfonts/cm/cm
sy8.pfb></usr/local/texlive/2011/texmf-dist/fonts/type1/public/cm-super/sfbx100
0.pfb></usr/local/texlive/2011/texmf-dist/fonts/type1/public/cm-super/sfbx1200.
pfb></usr/local/texlive/2011/texmf-dist/fonts/type1/public/cm-super/sfcc1200.pf
b></usr/local/texlive/2011/texmf-dist/fonts/type1/public/cm-super/sfrm0800.pfb>
</usr/local/texlive/2011/texmf-dist/fonts/type1/public/cm-super/sfrm1000.pfb></
usr/local/texlive/2011/texmf-dist/fonts/type1/public/cm-super/sfrm1200.pfb></us
r/local/texlive/2011/texmf-dist/fonts/type1/public/cm-super/sfrm1728.pfb></usr/
local/texlive/2011/texmf-dist/fonts/type1/public/cm-super/sftt1000.pfb>
Output written on TP2.pdf (8 pages, 2254497 bytes).
PDF statistics:
 1403 PDF objects out of 1440 (max. 8388607)
 1047 compressed objects within 11 object streams
 0 named destinations out of 1000 (max. 500000)
 36 words of extra memory for PDF output out of 10000 (max. 10000000)

